<?xml version="1.0" encoding="UTF-8"?>
<!-- Generated by org.testng.reporters.JUnitReportReporter -->
<testsuite hostname="Vishal_PC" failures="0" tests="2" name="MyMavenProject.IntegrationTesting" time="28.212" errors="0" timestamp="2023-03-05T11:06:41 IST" skipped="0">
  <testcase classname="MyMavenProject.IntegrationTesting" name="wholeFormTest" time="14.197"/>
  <system-out/>
  <testcase classname="MyMavenProject.IntegrationTesting" name="wholeFormTest" time="14.015"/>
  <system-out/>
</testsuite> <!-- MyMavenProject.IntegrationTesting -->
