<?xml version="1.0" encoding="UTF-8"?>
<!-- Generated by org.testng.reporters.JUnitReportReporter -->
<testsuite hostname="Vishal_PC" failures="0" tests="10" name="MyMavenProject.InsuranceBruteTesting2" time="146.847" errors="1" timestamp="2023-03-05T11:06:41 IST" skipped="0">
  <testcase classname="MyMavenProject.InsuranceBruteTesting2" name="hittingBrowser" time="5.209"/>
  <system-out/>
  <testcase classname="MyMavenProject.InsuranceBruteTesting2" name="enterIntoFrame" time="14.567"/>
  <system-out/>
  <testcase classname="MyMavenProject.InsuranceBruteTesting2" name="ageFieldTest" time="14.915"/>
  <system-out/>
  <testcase classname="MyMavenProject.InsuranceBruteTesting2" name="genderFieldTest" time="14.992"/>
  <system-out/>
  <testcase classname="MyMavenProject.InsuranceBruteTesting2" name="heightFieldTest" time="15.303"/>
  <system-out/>
  <testcase classname="MyMavenProject.InsuranceBruteTesting2" name="weightFieldTest" time="15.054"/>
  <system-out/>
  <testcase classname="MyMavenProject.InsuranceBruteTesting2" name="numberOfChildrenFieldTest" time="14.993"/>
  <system-out/>
  <testcase classname="MyMavenProject.InsuranceBruteTesting2" name="smokerTest" time="14.959"/>
  <system-out/>
  <testcase classname="MyMavenProject.InsuranceBruteTesting2" name="regionTest" time="14.744"/>
  <system-out/>
  <testcase classname="MyMavenProject.InsuranceBruteTesting2" name="brokenLinkTest" time="22.111">
    <error message="Server redirected too many  times (20)" type="java.net.ProtocolException">
      <![CDATA[java.net.ProtocolException: Server redirected too many  times (20)
at java.base/sun.net.www.protocol.http.HttpURLConnection.getInputStream0(HttpURLConnection.java:2001)
at java.base/sun.net.www.protocol.http.HttpURLConnection.getInputStream(HttpURLConnection.java:1585)
at java.base/java.net.HttpURLConnection.getResponseCode(HttpURLConnection.java:529)
at java.base/sun.net.www.protocol.https.HttpsURLConnectionImpl.getResponseCode(HttpsURLConnectionImpl.java:308)
at MyMavenProject.InsuranceBruteTesting2.brokenLinkTest(InsuranceBruteTesting2.java:137)
at java.base/jdk.internal.reflect.DirectMethodHandleAccessor.invoke(DirectMethodHandleAccessor.java:104)
at java.base/java.lang.reflect.Method.invoke(Method.java:578)
at org.testng.internal.MethodInvocationHelper.invokeMethod(MethodInvocationHelper.java:133)
at org.testng.internal.TestInvoker.invokeMethod(TestInvoker.java:598)
at org.testng.internal.TestInvoker.invokeTestMethod(TestInvoker.java:173)
at org.testng.internal.MethodRunner.runInSequence(MethodRunner.java:46)
at org.testng.internal.TestInvoker$MethodInvocationAgent.invoke(TestInvoker.java:824)
at org.testng.internal.TestInvoker.invokeTestMethods(TestInvoker.java:146)
at org.testng.internal.TestMethodWorker.invokeTestMethods(TestMethodWorker.java:146)
at org.testng.internal.TestMethodWorker.run(TestMethodWorker.java:128)
at java.base/java.util.ArrayList.forEach(ArrayList.java:1511)
at org.testng.TestRunner.privateRun(TestRunner.java:794)
at org.testng.TestRunner.run(TestRunner.java:596)
at org.testng.SuiteRunner.runTest(SuiteRunner.java:377)
at org.testng.SuiteRunner.runSequentially(SuiteRunner.java:371)
at org.testng.SuiteRunner.privateRun(SuiteRunner.java:332)
at org.testng.SuiteRunner.run(SuiteRunner.java:276)
at org.testng.SuiteRunnerWorker.runSuite(SuiteRunnerWorker.java:53)
at org.testng.SuiteRunnerWorker.run(SuiteRunnerWorker.java:96)
at org.testng.TestNG.runSuitesSequentially(TestNG.java:1212)
at org.testng.TestNG.runSuitesLocally(TestNG.java:1134)
at org.testng.TestNG.runSuites(TestNG.java:1063)
at org.testng.TestNG.run(TestNG.java:1031)
at org.testng.remote.AbstractRemoteTestNG.run(AbstractRemoteTestNG.java:115)
at org.testng.remote.RemoteTestNG.initAndRun(RemoteTestNG.java:251)
at org.testng.remote.RemoteTestNG.main(RemoteTestNG.java:77)
]]>
    </error>
  </testcase> <!-- brokenLinkTest -->
  <system-out/>
</testsuite> <!-- MyMavenProject.InsuranceBruteTesting2 -->
